{
  "stats": {
    "suites": 3,
    "tests": 13,
    "passes": 13,
    "pending": 0,
    "failures": 0,
    "start": "2021-09-18T08:01:18.820Z",
    "end": "2021-09-18T08:02:15.447Z",
    "duration": 44557,
    "testsRegistered": 13,
    "passPercent": 100,
    "pendingPercent": 0,
    "other": 0,
    "hasOther": false,
    "skipped": 0,
    "hasSkipped": false
  },
  "results": [
    {
      "uuid": "efea33c2-ca63-48c3-a0e2-7c20d66eb896",
      "title": "",
      "fullFile": "cypress/integration/ApiTesting/user_api_testcases.spec.js",
      "file": "cypress/integration/ApiTesting/user_api_testcases.spec.js",
      "beforeHooks": [],
      "afterHooks": [],
      "tests": [],
      "suites": [
        {
          "uuid": "15b0f693-5d13-4f09-8fab-a8368ceaa2bf",
          "title": "Create a user and verify the user data",
          "fullFile": "",
          "file": "",
          "beforeHooks": [],
          "afterHooks": [],
          "tests": [
            {
              "title": "Create the user using POST method",
              "fullTitle": "Create a user and verify the user data Create the user using POST method",
              "timedOut": null,
              "duration": 366,
              "state": "passed",
              "speed": "slow",
              "pass": true,
              "fail": false,
              "pending": false,
              "context": null,
              "code": "var endpoint = '/users';\nemailValue = \"\".concat((0, _Utility.randomStringValue)()).concat(userdetails.email);\nvar requestbody = {\n  \"firstName\": userdetails.firstName,\n  \"lastName\": userdetails.lastName,\n  \"email\": emailValue,\n  \"password\": userdetails.password\n};\ncy.request({\n  method: 'POST',\n  url: endpoint,\n  failOnStatusCode: false,\n  body: requestbody\n}).then(function (response) {\n  createNewUserResponse = JSON.parse(JSON.stringify(response));\n  expect(createNewUserResponse.status).to.eq(Cypress.env('validStatusCode1'));\n  expect(createNewUserResponse.body).to.not.be[\"null\"];\n});",
              "err": {},
              "uuid": "19342fab-de9c-4ca4-985f-def21cf463b9",
              "parentUUID": "15b0f693-5d13-4f09-8fab-a8368ceaa2bf",
              "isHook": false,
              "skipped": false
            },
            {
              "title": "Verify the created user data using GET method",
              "fullTitle": "Create a user and verify the user data Verify the created user data using GET method",
              "timedOut": null,
              "duration": 309,
              "state": "passed",
              "speed": "slow",
              "pass": true,
              "fail": false,
              "pending": false,
              "context": null,
              "code": "var endpoint = 'users/me';\naccess_token = createNewUserResponse.body.token;\ncy.request({\n  method: 'GET',\n  url: endpoint,\n  headers: {\n    'Authorization': 'Bearer ' + access_token\n  }\n}).then(function (response) {\n  NewUserResponse = JSON.parse(JSON.stringify(response));\n  expect(NewUserResponse.status).to.eq(Cypress.env('validStatusCode'));\n  expect(NewUserResponse.body).to.not.be[\"null\"];\n  expect(NewUserResponse.body.firstName).to.eq(userdetails.firstName);\n  expect(NewUserResponse.body.lastName).to.eq(userdetails.lastName);\n  expect(NewUserResponse.body.email).to.eq(emailValue);\n});",
              "err": {},
              "uuid": "4abf93ce-30d7-48eb-a061-9117e65a7d69",
              "parentUUID": "15b0f693-5d13-4f09-8fab-a8368ceaa2bf",
              "isHook": false,
              "skipped": false
            },
            {
              "title": "Verify that the created user fields are not empty",
              "fullTitle": "Create a user and verify the user data Verify that the created user fields are not empty",
              "timedOut": null,
              "duration": 21,
              "state": "passed",
              "speed": "fast",
              "pass": true,
              "fail": false,
              "pending": false,
              "context": null,
              "code": "expect(NewUserResponse.body._id).to.not.be[\"null\"];\nexpect(NewUserResponse.body.firstName).to.not.be[\"null\"];\nexpect(NewUserResponse.body.lastName).to.not.be[\"null\"];\nexpect(NewUserResponse.body.email).to.not.be[\"null\"];",
              "err": {},
              "uuid": "79c8563f-7131-4cc3-9115-a0c74e1f6c16",
              "parentUUID": "15b0f693-5d13-4f09-8fab-a8368ceaa2bf",
              "isHook": false,
              "skipped": false
            },
            {
              "title": "Verify user is not able to fetch user details with invalid token",
              "fullTitle": "Create a user and verify the user data Verify user is not able to fetch user details with invalid token",
              "timedOut": null,
              "duration": 262,
              "state": "passed",
              "speed": "slow",
              "pass": true,
              "fail": false,
              "pending": false,
              "context": null,
              "code": "var endpoint = 'users/me';\naccess_token = createNewUserResponse.body.token;\ncy.request({\n  method: 'GET',\n  url: endpoint,\n  failOnStatusCode: false,\n  headers: {\n    'Authorization': 'Bearer ' + access_token + (0, _Utility.randomStringValue)()\n  }\n}).then(function (response) {\n  NewUserInvalidResponse = JSON.parse(JSON.stringify(response));\n  expect(NewUserInvalidResponse.status).to.eq(Cypress.env('invalidStatusCode1'));\n});",
              "err": {},
              "uuid": "f3c3cd79-79dc-4c85-a225-a3fa6409fd9d",
              "parentUUID": "15b0f693-5d13-4f09-8fab-a8368ceaa2bf",
              "isHook": false,
              "skipped": false
            }
          ],
          "suites": [],
          "passes": [
            "19342fab-de9c-4ca4-985f-def21cf463b9",
            "4abf93ce-30d7-48eb-a061-9117e65a7d69",
            "79c8563f-7131-4cc3-9115-a0c74e1f6c16",
            "f3c3cd79-79dc-4c85-a225-a3fa6409fd9d"
          ],
          "failures": [],
          "pending": [],
          "skipped": [],
          "duration": 958,
          "root": false,
          "rootEmpty": false,
          "_timeout": 2000
        }
      ],
      "passes": [],
      "failures": [],
      "pending": [],
      "skipped": [],
      "duration": 0,
      "root": true,
      "rootEmpty": true,
      "_timeout": 2000
    },
    {
      "uuid": "d5e66375-78a7-4696-a357-f933bea2d3b9",
      "title": "",
      "fullFile": "cypress/integration/WebTesting/Testcase.spec.js",
      "file": "cypress/integration/WebTesting/Testcase.spec.js",
      "beforeHooks": [],
      "afterHooks": [],
      "tests": [],
      "suites": [
        {
          "uuid": "f7d80848-943e-4dd7-b602-836280cd19c7",
          "title": "Automation for a Ecommerce Application Using Page Object Model",
          "fullFile": "",
          "file": "",
          "beforeHooks": [],
          "afterHooks": [],
          "tests": [
            {
              "title": "Validate search suggestion is not given to user until 3 char are populated",
              "fullTitle": "Automation for a Ecommerce Application Using Page Object Model Validate search suggestion is not given to user until 3 char are populated",
              "timedOut": null,
              "duration": 15677,
              "state": "passed",
              "speed": "slow",
              "pass": true,
              "fail": false,
              "pending": false,
              "context": null,
              "code": "//verify the Search button functionality\nhomePage.searchbox().type(data.searchtextNone);\nhomePage.searchResult().should('not.exist');\nhomePage.searchbox().clear().type(data.searchtext);\nhomePage.searchResult().should('be.visible');\nhomePage.searchbutton().should('be.enabled').click(); // Test to verify the search related products are displayed\n// Scenario: Validate results are displayed according the search made by user.\ncy.get('.right-block h5 a').each(function ($el, index, $list) {\n  var producttext = $el.text().trim();\n  expect(producttext).includes(data.searchtext);\n});",
              "err": {},
              "uuid": "25e764cb-6fa7-45f4-a3a7-16a21354e239",
              "parentUUID": "f7d80848-943e-4dd7-b602-836280cd19c7",
              "isHook": false,
              "skipped": false
            },
            {
              "title": "Validate user is able to apply the large size catalouge filter for T-shirt section",
              "fullTitle": "Automation for a Ecommerce Application Using Page Object Model Validate user is able to apply the large size catalouge filter for T-shirt section",
              "timedOut": null,
              "duration": 6291,
              "state": "passed",
              "speed": "slow",
              "pass": true,
              "fail": false,
              "pending": false,
              "context": null,
              "code": "//Click on Tshirt link from Home Page\nhomePage.tShirtLink().click(); //Click on Large Checkbox\ntShirtPage.largecheckbox().click(); //Verify only one product is displayed\ntShirtPage.largeSizeProduct().should('be.visible');",
              "err": {},
              "uuid": "6606da96-3d53-4d0e-8300-f509d39255ef",
              "parentUUID": "f7d80848-943e-4dd7-b602-836280cd19c7",
              "isHook": false,
              "skipped": false
            },
            {
              "title": "Validate user is able to upload a file on contact us page.",
              "fullTitle": "Automation for a Ecommerce Application Using Page Object Model Validate user is able to upload a file on contact us page.",
              "timedOut": null,
              "duration": 5207,
              "state": "passed",
              "speed": "slow",
              "pass": true,
              "fail": false,
              "pending": false,
              "context": null,
              "code": "//Click on contact us link\ntShirtPage.contactUsLink().click(); //Verify Attach file scenario\nvar filepath = 'image1.jpeg';\ncontactUsPage.fileUpload().attachFile(filepath);\ncontactUsPage.fileName().should('contain.text', 'image1.jpeg');",
              "err": {},
              "uuid": "d89a43bb-749c-4cff-a5a8-12daf8a2301f",
              "parentUUID": "f7d80848-943e-4dd7-b602-836280cd19c7",
              "isHook": false,
              "skipped": false
            },
            {
              "title": "Validate total cart amount and individual product price",
              "fullTitle": "Automation for a Ecommerce Application Using Page Object Model Validate total cart amount and individual product price",
              "timedOut": null,
              "duration": 13953,
              "state": "passed",
              "speed": "slow",
              "pass": true,
              "fail": false,
              "pending": false,
              "context": null,
              "code": "//Verify the number of products\nhomePage.allProductsAddtocartBtn().should('have.length', 7); // Add 5 products to cart\nfor (var i = 1; i <= data.productcount; i++) {\n  homePage.allProductsAddtocartBtn().eq(i).click();\n  homePage.continueShoppingBtn().click();\n}\n; //Click on Cart Button\nhomePage.cartBtn().click(); // Verify the Price of all Items in cart with Total Price \n// This method can me modified in POM\ncartPage.productPrice().each(function ($el, index, $list) {\n  cartPage.totalProducts().invoke('text').then(function (totalproductprice) {\n    cartPage.totalShipping().invoke('text').then(function (totalshippingprice) {\n      cartPage.totalPrice().invoke('text').then(function (totalPrice) {\n        var text = $el.text().trim().replace(/[^0-9.]/g, \"\");\n        var value = parseFloat(text);\n        count = count + value;\n        var totalproducts = totalproductprice.trim().replace(/[^0-9.]/g, \"\");\n        var tproduct = parseFloat(totalproducts);\n        if (tproduct === count) {\n          var totalshipping = totalshippingprice.trim().replace(/[^0-9.]/g, \"\");\n          var tshiping = parseFloat(totalshipping);\n          tproduct = tproduct + tshiping;\n          var totalprice = totalPrice.trim().replace(/[^0-9.]/g, \"\");\n          var total = parseFloat(totalprice);\n          expect(tproduct).to.eq(total);\n        }\n        ;\n      });\n    });\n  });\n});",
              "err": {},
              "uuid": "c948136c-8a40-47e9-bc5e-6258f0989f39",
              "parentUUID": "f7d80848-943e-4dd7-b602-836280cd19c7",
              "isHook": false,
              "skipped": false
            }
          ],
          "suites": [],
          "passes": [
            "25e764cb-6fa7-45f4-a3a7-16a21354e239",
            "6606da96-3d53-4d0e-8300-f509d39255ef",
            "d89a43bb-749c-4cff-a5a8-12daf8a2301f",
            "c948136c-8a40-47e9-bc5e-6258f0989f39"
          ],
          "failures": [],
          "pending": [],
          "skipped": [],
          "duration": 41128,
          "root": false,
          "rootEmpty": false,
          "_timeout": 2000
        }
      ],
      "passes": [],
      "failures": [],
      "pending": [],
      "skipped": [],
      "duration": 0,
      "root": true,
      "rootEmpty": true,
      "_timeout": 2000
    },
    {
      "uuid": "a217b11e-51fe-469c-9b27-a3abdd2ae078",
      "title": "",
      "fullFile": "cypress/integration/ApiTesting/contact_api_testcases.spec.js",
      "file": "cypress/integration/ApiTesting/contact_api_testcases.spec.js",
      "beforeHooks": [],
      "afterHooks": [],
      "tests": [],
      "suites": [
        {
          "uuid": "1ed7a56e-f0a6-48fe-934f-4a0e2ca52852",
          "title": "Create a Contact and verify the Contact data",
          "fullFile": "",
          "file": "",
          "beforeHooks": [],
          "afterHooks": [],
          "tests": [
            {
              "title": "Create the user using POST method",
              "fullTitle": "Create a Contact and verify the Contact data Create the user using POST method",
              "timedOut": null,
              "duration": 1362,
              "state": "passed",
              "speed": "slow",
              "pass": true,
              "fail": false,
              "pending": false,
              "context": null,
              "code": "var endpoint = '/users';\nemailValue = \"\".concat((0, _Utility.randomStringValue)()).concat(userdetails.email);\nvar requestbody = {\n  \"firstName\": userdetails.firstName,\n  \"lastName\": userdetails.lastName,\n  \"email\": emailValue,\n  \"password\": userdetails.password\n};\ncy.request({\n  method: 'POST',\n  url: endpoint,\n  body: requestbody\n}).then(function (response) {\n  createNewUserResponse = JSON.parse(JSON.stringify(response));\n  expect(createNewUserResponse.status).to.eq(Cypress.env('validStatusCode1'));\n  access_token = createNewUserResponse.body.token;\n});",
              "err": {},
              "uuid": "e84239f5-2978-4ba6-9ab2-90903b17f27b",
              "parentUUID": "1ed7a56e-f0a6-48fe-934f-4a0e2ca52852",
              "isHook": false,
              "skipped": false
            },
            {
              "title": "Create the contact using POST method",
              "fullTitle": "Create a Contact and verify the Contact data Create the contact using POST method",
              "timedOut": null,
              "duration": 289,
              "state": "passed",
              "speed": "slow",
              "pass": true,
              "fail": false,
              "pending": false,
              "context": null,
              "code": "var endpoint = '/contacts';\ncy.request({\n  method: 'POST',\n  url: endpoint,\n  headers: {\n    'Authorization': 'Bearer ' + access_token\n  },\n  body: contactdetails.contactBody\n}).then(function (response) {\n  createNewContactResponse = JSON.parse(JSON.stringify(response));\n  expect(createNewContactResponse.status).to.eq(Cypress.env('validStatusCode1'));\n  contactID = createNewContactResponse.body._id;\n});",
              "err": {},
              "uuid": "0aa44253-7487-4a32-a4f4-d0017ca15640",
              "parentUUID": "1ed7a56e-f0a6-48fe-934f-4a0e2ca52852",
              "isHook": false,
              "skipped": false
            },
            {
              "title": "Update the contact details and verify the changes Using PUT method",
              "fullTitle": "Create a Contact and verify the Contact data Update the contact details and verify the changes Using PUT method",
              "timedOut": null,
              "duration": 284,
              "state": "passed",
              "speed": "slow",
              "pass": true,
              "fail": false,
              "pending": false,
              "context": null,
              "code": "var endpoint = '/contacts/' + contactID;\ncy.request({\n  method: 'PUT',\n  url: endpoint,\n  headers: {\n    'Authorization': 'Bearer ' + access_token\n  },\n  body: contactdetails.updateContactBody\n}).then(function (response) {\n  updateContactResponse = JSON.parse(JSON.stringify(response));\n  expect(updateContactResponse.status).to.eq(Cypress.env('validStatusCode'));\n  expect(updateContactResponse.body.firstName).to.not.eq(createNewContactResponse.body.firstName);\n  expect(updateContactResponse.body.lastName).to.not.eq(createNewContactResponse.body.lastName);\n  expect(updateContactResponse.body.birthdate).to.not.eq(createNewContactResponse.body.birthdate);\n});",
              "err": {},
              "uuid": "5c55f7ed-523c-4784-b1c1-53d550527c37",
              "parentUUID": "1ed7a56e-f0a6-48fe-934f-4a0e2ca52852",
              "isHook": false,
              "skipped": false
            },
            {
              "title": "Delete the created contact and verify the contact is deleted using DELETE method",
              "fullTitle": "Create a Contact and verify the Contact data Delete the created contact and verify the contact is deleted using DELETE method",
              "timedOut": null,
              "duration": 268,
              "state": "passed",
              "speed": "slow",
              "pass": true,
              "fail": false,
              "pending": false,
              "context": null,
              "code": "var endpoint = '/contacts/' + contactID;\ncy.request({\n  method: 'DELETE',\n  url: endpoint,\n  headers: {\n    'Authorization': 'Bearer ' + access_token\n  }\n}).then(function (response) {\n  ContactResponse = JSON.parse(JSON.stringify(response));\n  expect(ContactResponse.status).to.eq(Cypress.env('validStatusCode'));\n  expect(ContactResponse.body).to.eq(Cypress.env('deleteContactMessage'));\n});",
              "err": {},
              "uuid": "984c07bd-91e5-494f-80aa-ebd622d137da",
              "parentUUID": "1ed7a56e-f0a6-48fe-934f-4a0e2ca52852",
              "isHook": false,
              "skipped": false
            },
            {
              "title": "Get Contact API returns error while fetching the deleted contact ",
              "fullTitle": "Create a Contact and verify the Contact data Get Contact API returns error while fetching the deleted contact ",
              "timedOut": null,
              "duration": 268,
              "state": "passed",
              "speed": "slow",
              "pass": true,
              "fail": false,
              "pending": false,
              "context": null,
              "code": "var endpoint = '/contacts/' + contactID;\ncy.request({\n  method: 'GET',\n  url: endpoint,\n  failOnStatusCode: false,\n  headers: {\n    'Authorization': 'Bearer ' + access_token\n  }\n}).then(function (response) {\n  ContactResponse = JSON.parse(JSON.stringify(response));\n  expect(ContactResponse.status).to.eq(Cypress.env('invalidStatusCode2'));\n});",
              "err": {},
              "uuid": "294c5189-7cf6-4fbd-b031-80527ab94ac9",
              "parentUUID": "1ed7a56e-f0a6-48fe-934f-4a0e2ca52852",
              "isHook": false,
              "skipped": false
            }
          ],
          "suites": [],
          "passes": [
            "e84239f5-2978-4ba6-9ab2-90903b17f27b",
            "0aa44253-7487-4a32-a4f4-d0017ca15640",
            "5c55f7ed-523c-4784-b1c1-53d550527c37",
            "984c07bd-91e5-494f-80aa-ebd622d137da",
            "294c5189-7cf6-4fbd-b031-80527ab94ac9"
          ],
          "failures": [],
          "pending": [],
          "skipped": [],
          "duration": 2471,
          "root": false,
          "rootEmpty": false,
          "_timeout": 2000
        }
      ],
      "passes": [],
      "failures": [],
      "pending": [],
      "skipped": [],
      "duration": 0,
      "root": true,
      "rootEmpty": true,
      "_timeout": 2000
    }
  ],
  "meta": {
    "mocha": {
      "version": "7.0.1"
    },
    "mochawesome": {
      "options": {
        "quiet": false,
        "reportFilename": "mochawesome",
        "saveHtml": false,
        "saveJson": true,
        "consoleReporter": "spec",
        "useInlineDiffs": false,
        "code": true
      },
      "version": "6.2.2"
    },
    "marge": {
      "options": {
        "id": "default",
        "reportDir": "cypress/reports/mocha",
        "quite": true,
        "overwrite": false,
        "html": false,
        "json": true
      },
      "version": "5.2.0"
    }
  }
}