{
  "stats": {
    "suites": 3,
    "tests": 13,
    "passes": 13,
    "pending": 0,
    "failures": 0,
    "start": "2021-09-18T07:44:21.114Z",
    "end": "2021-09-18T07:45:20.470Z",
    "duration": 46258,
    "testsRegistered": 13,
    "passPercent": 100,
    "pendingPercent": 0,
    "other": 0,
    "hasOther": false,
    "skipped": 0,
    "hasSkipped": false
  },
  "results": [
    {
      "uuid": "9c9984d7-4e06-4839-9609-cee75734ac55",
      "title": "",
      "fullFile": "cypress/integration/ApiTesting/user_api_testcases.spec.js",
      "file": "cypress/integration/ApiTesting/user_api_testcases.spec.js",
      "beforeHooks": [],
      "afterHooks": [],
      "tests": [],
      "suites": [
        {
          "uuid": "b1b7a88a-7412-4c11-8ecd-d7e85065ba0b",
          "title": "Create a user and verify the user data",
          "fullFile": "",
          "file": "",
          "beforeHooks": [],
          "afterHooks": [],
          "tests": [
            {
              "title": "Create the user using POST method",
              "fullTitle": "Create a user and verify the user data Create the user using POST method",
              "timedOut": null,
              "duration": 369,
              "state": "passed",
              "speed": "slow",
              "pass": true,
              "fail": false,
              "pending": false,
              "context": null,
              "code": "var endpoint = '/users';\nemailValue = \"\".concat((0, _Utility.randomStringValue)()).concat(userdetails.email);\nvar requestbody = {\n  \"firstName\": userdetails.firstName,\n  \"lastName\": userdetails.lastName,\n  \"email\": emailValue,\n  \"password\": userdetails.password\n};\ncy.request({\n  method: 'POST',\n  url: endpoint,\n  failOnStatusCode: false,\n  body: requestbody\n}).then(function (response) {\n  createNewUserResponse = JSON.parse(JSON.stringify(response));\n  expect(createNewUserResponse.status).to.eq(Cypress.env('validStatusCode1'));\n  expect(createNewUserResponse.body).to.not.be[\"null\"];\n});",
              "err": {},
              "uuid": "5a0c16a6-d08d-4f5b-8e2f-086fc25ee0c9",
              "parentUUID": "b1b7a88a-7412-4c11-8ecd-d7e85065ba0b",
              "isHook": false,
              "skipped": false
            },
            {
              "title": "Verify the created user data using GET method",
              "fullTitle": "Create a user and verify the user data Verify the created user data using GET method",
              "timedOut": null,
              "duration": 310,
              "state": "passed",
              "speed": "slow",
              "pass": true,
              "fail": false,
              "pending": false,
              "context": null,
              "code": "var endpoint = 'users/me';\naccess_token = createNewUserResponse.body.token;\ncy.request({\n  method: 'GET',\n  url: endpoint,\n  headers: {\n    'Authorization': 'Bearer ' + access_token\n  }\n}).then(function (response) {\n  NewUserResponse = JSON.parse(JSON.stringify(response));\n  expect(NewUserResponse.status).to.eq(Cypress.env('validStatusCode'));\n  expect(NewUserResponse.body).to.not.be[\"null\"];\n  expect(NewUserResponse.body.firstName).to.eq(userdetails.firstName);\n  expect(NewUserResponse.body.lastName).to.eq(userdetails.lastName);\n  expect(NewUserResponse.body.email).to.eq(emailValue);\n});",
              "err": {},
              "uuid": "f9236ab3-b7b0-4eff-b6a9-3d4d5b3427c6",
              "parentUUID": "b1b7a88a-7412-4c11-8ecd-d7e85065ba0b",
              "isHook": false,
              "skipped": false
            },
            {
              "title": "Verify that the created user fields are not empty",
              "fullTitle": "Create a user and verify the user data Verify that the created user fields are not empty",
              "timedOut": null,
              "duration": 22,
              "state": "passed",
              "speed": "fast",
              "pass": true,
              "fail": false,
              "pending": false,
              "context": null,
              "code": "expect(NewUserResponse.body._id).to.not.be[\"null\"];\nexpect(NewUserResponse.body.firstName).to.not.be[\"null\"];\nexpect(NewUserResponse.body.lastName).to.not.be[\"null\"];\nexpect(NewUserResponse.body.email).to.not.be[\"null\"];",
              "err": {},
              "uuid": "b4898bcc-b04b-4394-920d-7837b475dc86",
              "parentUUID": "b1b7a88a-7412-4c11-8ecd-d7e85065ba0b",
              "isHook": false,
              "skipped": false
            },
            {
              "title": "Verify user is not able to fetch user details with invalid token",
              "fullTitle": "Create a user and verify the user data Verify user is not able to fetch user details with invalid token",
              "timedOut": null,
              "duration": 276,
              "state": "passed",
              "speed": "slow",
              "pass": true,
              "fail": false,
              "pending": false,
              "context": null,
              "code": "var endpoint = 'users/me';\naccess_token = createNewUserResponse.body.token;\ncy.request({\n  method: 'GET',\n  url: endpoint,\n  failOnStatusCode: false,\n  headers: {\n    'Authorization': 'Bearer ' + access_token + (0, _Utility.randomStringValue)()\n  }\n}).then(function (response) {\n  NewUserInvalidResponse = JSON.parse(JSON.stringify(response));\n  expect(NewUserInvalidResponse.status).to.eq(Cypress.env('invalidStatusCode1'));\n});",
              "err": {},
              "uuid": "8090bcd9-2a03-4453-b415-3e370aeae1df",
              "parentUUID": "b1b7a88a-7412-4c11-8ecd-d7e85065ba0b",
              "isHook": false,
              "skipped": false
            }
          ],
          "suites": [],
          "passes": [
            "5a0c16a6-d08d-4f5b-8e2f-086fc25ee0c9",
            "f9236ab3-b7b0-4eff-b6a9-3d4d5b3427c6",
            "b4898bcc-b04b-4394-920d-7837b475dc86",
            "8090bcd9-2a03-4453-b415-3e370aeae1df"
          ],
          "failures": [],
          "pending": [],
          "skipped": [],
          "duration": 977,
          "root": false,
          "rootEmpty": false,
          "_timeout": 2000
        }
      ],
      "passes": [],
      "failures": [],
      "pending": [],
      "skipped": [],
      "duration": 0,
      "root": true,
      "rootEmpty": true,
      "_timeout": 2000
    },
    {
      "uuid": "332d510d-c4ac-4680-9fe3-0fa699c4ae8d",
      "title": "",
      "fullFile": "cypress/integration/WebTesting/Testcase.spec.js",
      "file": "cypress/integration/WebTesting/Testcase.spec.js",
      "beforeHooks": [],
      "afterHooks": [],
      "tests": [],
      "suites": [
        {
          "uuid": "97f08aa9-45f8-48c1-8cca-8851fd81d2cc",
          "title": "Automation for a Ecommerce Application Using Page Object Model",
          "fullFile": "",
          "file": "",
          "beforeHooks": [],
          "afterHooks": [],
          "tests": [
            {
              "title": "Validate search suggestion is not given to user until 3 char are populated",
              "fullTitle": "Automation for a Ecommerce Application Using Page Object Model Validate search suggestion is not given to user until 3 char are populated",
              "timedOut": null,
              "duration": 12325,
              "state": "passed",
              "speed": "slow",
              "pass": true,
              "fail": false,
              "pending": false,
              "context": null,
              "code": "//verify the Search button functionality\nhomePage.searchbox().type(data.searchtextNone);\nhomePage.searchResult().should('not.exist');\nhomePage.searchbox().clear().type(data.searchtext);\nhomePage.searchResult().should('be.visible');\nhomePage.searchbutton().should('be.enabled').click(); // Test to verify the search related products are displayed\n// Scenario: Validate results are displayed according the search made by user.\ncy.get('.right-block h5 a').each(function ($el, index, $list) {\n  var producttext = $el.text().trim();\n  expect(producttext).includes(data.searchtext);\n});",
              "err": {},
              "uuid": "f4204889-354c-41c3-bded-1c0b1e6e2658",
              "parentUUID": "97f08aa9-45f8-48c1-8cca-8851fd81d2cc",
              "isHook": false,
              "skipped": false
            },
            {
              "title": "Validate user is able to apply the large size catalouge filter for T-shirt section",
              "fullTitle": "Automation for a Ecommerce Application Using Page Object Model Validate user is able to apply the large size catalouge filter for T-shirt section",
              "timedOut": null,
              "duration": 5436,
              "state": "passed",
              "speed": "slow",
              "pass": true,
              "fail": false,
              "pending": false,
              "context": null,
              "code": "//Click on Tshirt link from Home Page\nhomePage.tShirtLink().click(); //Click on Large Checkbox\ntShirtPage.largecheckbox().click(); //Verify only one product is displayed\ntShirtPage.largeSizeProduct().should('be.visible');",
              "err": {},
              "uuid": "185de8fa-4a70-4234-a0db-3d4a5a82d2fe",
              "parentUUID": "97f08aa9-45f8-48c1-8cca-8851fd81d2cc",
              "isHook": false,
              "skipped": false
            },
            {
              "title": "Validate user is able to upload a file on contact us page.",
              "fullTitle": "Automation for a Ecommerce Application Using Page Object Model Validate user is able to upload a file on contact us page.",
              "timedOut": null,
              "duration": 4784,
              "state": "passed",
              "speed": "slow",
              "pass": true,
              "fail": false,
              "pending": false,
              "context": null,
              "code": "//Click on contact us link\ntShirtPage.contactUsLink().click(); //Verify Attach file scenario\nvar filepath = 'image1.jpeg';\ncontactUsPage.fileUpload().attachFile(filepath);\ncontactUsPage.fileName().should('contain.text', 'image1.jpeg');",
              "err": {},
              "uuid": "98a047aa-f345-46ab-b012-b69bd8ed56b6",
              "parentUUID": "97f08aa9-45f8-48c1-8cca-8851fd81d2cc",
              "isHook": false,
              "skipped": false
            },
            {
              "title": "Validate total cart amount and individual product price",
              "fullTitle": "Automation for a Ecommerce Application Using Page Object Model Validate total cart amount and individual product price",
              "timedOut": null,
              "duration": 12898,
              "state": "passed",
              "speed": "slow",
              "pass": true,
              "fail": false,
              "pending": false,
              "context": null,
              "code": "//Verify the number of products\nhomePage.allProductsAddtocartBtn().should('have.length', 7); // Add 5 products to cart\nfor (var i = 1; i <= data.productcount; i++) {\n  homePage.allProductsAddtocartBtn().eq(i).click();\n  homePage.continueShoppingBtn().click();\n}\n; //Click on Cart Button\nhomePage.cartBtn().click(); // Verify the Price of all Items in cart with Total Price \n// This method can me modified in POM\ncartPage.productPrice().each(function ($el, index, $list) {\n  cartPage.totalProducts().invoke('text').then(function (totalproductprice) {\n    cartPage.totalShipping().invoke('text').then(function (totalshippingprice) {\n      cartPage.totalPrice().invoke('text').then(function (totalPrice) {\n        var text = $el.text().trim().replace(/[^0-9.]/g, \"\");\n        var value = parseFloat(text);\n        count = count + value;\n        var totalproducts = totalproductprice.trim().replace(/[^0-9.]/g, \"\");\n        var tproduct = parseFloat(totalproducts);\n        if (tproduct === count) {\n          var totalshipping = totalshippingprice.trim().replace(/[^0-9.]/g, \"\");\n          var tshiping = parseFloat(totalshipping);\n          tproduct = tproduct + tshiping;\n          var totalprice = totalPrice.trim().replace(/[^0-9.]/g, \"\");\n          var total = parseFloat(totalprice);\n          expect(tproduct).to.eq(total);\n        }\n        ;\n      });\n    });\n  });\n});",
              "err": {},
              "uuid": "54531e39-d5dd-48d6-a9d6-44ac0e33d250",
              "parentUUID": "97f08aa9-45f8-48c1-8cca-8851fd81d2cc",
              "isHook": false,
              "skipped": false
            }
          ],
          "suites": [],
          "passes": [
            "f4204889-354c-41c3-bded-1c0b1e6e2658",
            "185de8fa-4a70-4234-a0db-3d4a5a82d2fe",
            "98a047aa-f345-46ab-b012-b69bd8ed56b6",
            "54531e39-d5dd-48d6-a9d6-44ac0e33d250"
          ],
          "failures": [],
          "pending": [],
          "skipped": [],
          "duration": 35443,
          "root": false,
          "rootEmpty": false,
          "_timeout": 2000
        }
      ],
      "passes": [],
      "failures": [],
      "pending": [],
      "skipped": [],
      "duration": 0,
      "root": true,
      "rootEmpty": true,
      "_timeout": 2000
    },
    {
      "uuid": "99eff8df-dc10-4ca9-b40d-6d63b494806c",
      "title": "",
      "fullFile": "cypress/integration/ApiTesting/customer_api_testcases.spec.js",
      "file": "cypress/integration/ApiTesting/customer_api_testcases.spec.js",
      "beforeHooks": [],
      "afterHooks": [],
      "tests": [],
      "suites": [
        {
          "uuid": "68231c70-0dd6-400a-b463-32423b9770db",
          "title": "Create a Customer and verify the Customer data",
          "fullFile": "",
          "file": "",
          "beforeHooks": [],
          "afterHooks": [],
          "tests": [
            {
              "title": "Create the user using POST method",
              "fullTitle": "Create a Customer and verify the Customer data Create the user using POST method",
              "timedOut": null,
              "duration": 8609,
              "state": "passed",
              "speed": "slow",
              "pass": true,
              "fail": false,
              "pending": false,
              "context": null,
              "code": "var endpoint = '/users';\nemailValue = \"\".concat((0, _Utility.randomStringValue)()).concat(userdetails.email);\nvar requestbody = {\n  \"firstName\": userdetails.firstName,\n  \"lastName\": userdetails.lastName,\n  \"email\": emailValue,\n  \"password\": userdetails.password\n};\ncy.request({\n  method: 'POST',\n  url: endpoint,\n  body: requestbody\n}).then(function (response) {\n  createNewUserResponse = JSON.parse(JSON.stringify(response));\n  expect(createNewUserResponse.status).to.eq(Cypress.env('validStatusCode1'));\n  access_token = createNewUserResponse.body.token;\n});",
              "err": {},
              "uuid": "3970f562-82bc-4fd8-a82b-6dd9eef8d16f",
              "parentUUID": "68231c70-0dd6-400a-b463-32423b9770db",
              "isHook": false,
              "skipped": false
            },
            {
              "title": "Create the contact using POST method",
              "fullTitle": "Create a Customer and verify the Customer data Create the contact using POST method",
              "timedOut": null,
              "duration": 335,
              "state": "passed",
              "speed": "slow",
              "pass": true,
              "fail": false,
              "pending": false,
              "context": null,
              "code": "var endpoint = '/contacts';\ncy.request({\n  method: 'POST',\n  url: endpoint,\n  headers: {\n    'Authorization': 'Bearer ' + access_token\n  },\n  body: contactdetails.contactBody\n}).then(function (response) {\n  createNewContactResponse = JSON.parse(JSON.stringify(response));\n  expect(createNewContactResponse.status).to.eq(Cypress.env('validStatusCode1'));\n  contactID = createNewContactResponse.body._id;\n});",
              "err": {},
              "uuid": "ac194155-520f-472a-88cc-86ee0fe1687a",
              "parentUUID": "68231c70-0dd6-400a-b463-32423b9770db",
              "isHook": false,
              "skipped": false
            },
            {
              "title": "Update the contact details and verify the changes",
              "fullTitle": "Create a Customer and verify the Customer data Update the contact details and verify the changes",
              "timedOut": null,
              "duration": 315,
              "state": "passed",
              "speed": "slow",
              "pass": true,
              "fail": false,
              "pending": false,
              "context": null,
              "code": "var endpoint = '/contacts/' + contactID;\ncy.request({\n  method: 'PUT',\n  url: endpoint,\n  headers: {\n    'Authorization': 'Bearer ' + access_token\n  },\n  body: contactdetails.updateContactBody\n}).then(function (response) {\n  updateContactResponse = JSON.parse(JSON.stringify(response));\n  expect(updateContactResponse.status).to.eq(Cypress.env('validStatusCode'));\n  expect(updateContactResponse.body.firstName).to.not.eq(createNewContactResponse.body.firstName);\n  expect(updateContactResponse.body.lastName).to.not.eq(createNewContactResponse.body.lastName);\n  expect(updateContactResponse.body.birthdate).to.not.eq(createNewContactResponse.body.birthdate);\n});",
              "err": {},
              "uuid": "80200261-a404-4aa2-b657-2ecf97b87ddb",
              "parentUUID": "68231c70-0dd6-400a-b463-32423b9770db",
              "isHook": false,
              "skipped": false
            },
            {
              "title": "Delete the created contact and verify the contact is deleted",
              "fullTitle": "Create a Customer and verify the Customer data Delete the created contact and verify the contact is deleted",
              "timedOut": null,
              "duration": 289,
              "state": "passed",
              "speed": "slow",
              "pass": true,
              "fail": false,
              "pending": false,
              "context": null,
              "code": "var endpoint = '/contacts/' + contactID;\ncy.request({\n  method: 'DELETE',\n  url: endpoint,\n  headers: {\n    'Authorization': 'Bearer ' + access_token\n  }\n}).then(function (response) {\n  ContactResponse = JSON.parse(JSON.stringify(response));\n  expect(ContactResponse.status).to.eq(Cypress.env('validStatusCode'));\n  expect(ContactResponse.body).to.eq(Cypress.env('deleteContactMessage'));\n});",
              "err": {},
              "uuid": "c66e2686-9a8c-4ac5-92e4-b8a2aebb4f31",
              "parentUUID": "68231c70-0dd6-400a-b463-32423b9770db",
              "isHook": false,
              "skipped": false
            },
            {
              "title": "Get Contact API returns error while fetching the deleted contact ",
              "fullTitle": "Create a Customer and verify the Customer data Get Contact API returns error while fetching the deleted contact ",
              "timedOut": null,
              "duration": 290,
              "state": "passed",
              "speed": "slow",
              "pass": true,
              "fail": false,
              "pending": false,
              "context": null,
              "code": "var endpoint = '/contacts/' + contactID;\ncy.request({\n  method: 'GET',\n  url: endpoint,\n  failOnStatusCode: false,\n  headers: {\n    'Authorization': 'Bearer ' + access_token\n  }\n}).then(function (response) {\n  ContactResponse = JSON.parse(JSON.stringify(response));\n  expect(ContactResponse.status).to.eq(Cypress.env('invalidStatusCode2'));\n});",
              "err": {},
              "uuid": "6d22be02-3e42-4f15-bbcf-bfca31e2d846",
              "parentUUID": "68231c70-0dd6-400a-b463-32423b9770db",
              "isHook": false,
              "skipped": false
            }
          ],
          "suites": [],
          "passes": [
            "3970f562-82bc-4fd8-a82b-6dd9eef8d16f",
            "ac194155-520f-472a-88cc-86ee0fe1687a",
            "80200261-a404-4aa2-b657-2ecf97b87ddb",
            "c66e2686-9a8c-4ac5-92e4-b8a2aebb4f31",
            "6d22be02-3e42-4f15-bbcf-bfca31e2d846"
          ],
          "failures": [],
          "pending": [],
          "skipped": [],
          "duration": 9838,
          "root": false,
          "rootEmpty": false,
          "_timeout": 2000
        }
      ],
      "passes": [],
      "failures": [],
      "pending": [],
      "skipped": [],
      "duration": 0,
      "root": true,
      "rootEmpty": true,
      "_timeout": 2000
    }
  ],
  "meta": {
    "mocha": {
      "version": "7.0.1"
    },
    "mochawesome": {
      "options": {
        "quiet": false,
        "reportFilename": "mochawesome",
        "saveHtml": false,
        "saveJson": true,
        "consoleReporter": "spec",
        "useInlineDiffs": false,
        "code": true
      },
      "version": "6.2.2"
    },
    "marge": {
      "options": {
        "id": "default",
        "reportDir": "cypress/reports/mocha",
        "quite": true,
        "overwrite": false,
        "html": false,
        "json": true
      },
      "version": "5.2.0"
    }
  }
}